>> Verifying Docker is available...
>> Building ISO builder image (x86_64)...
#0 building with "desktop-linux" instance using docker driver

#1 [internal] load build definition from Dockerfile
#1 transferring dockerfile: 3.14kB done
#1 DONE 0.0s

#2 [internal] load metadata for docker.io/library/alpine:3.20
#2 DONE 0.0s

#3 [internal] load metadata for docker.io/library/rust:1-alpine
#3 DONE 0.2s

#4 [internal] load .dockerignore
#4 transferring context: 2B done
#4 DONE 0.0s

#5 [builder 1/6] FROM docker.io/library/rust:1-alpine@sha256:2ea3db105d38fdfa4e31f366674287fcaa828087e2fe3973befdc537f2d443b1
#5 resolve docker.io/library/rust:1-alpine@sha256:2ea3db105d38fdfa4e31f366674287fcaa828087e2fe3973befdc537f2d443b1 0.0s done
#5 DONE 0.0s

#6 [iso 1/6] FROM docker.io/library/alpine:3.20@sha256:d9e853e87e55526f6b2917df91a2115c36dd7c696a35be12163d44e6e2a4b6bc
#6 resolve docker.io/library/alpine:3.20@sha256:d9e853e87e55526f6b2917df91a2115c36dd7c696a35be12163d44e6e2a4b6bc 0.0s done
#6 CACHED

#7 [internal] load build context
#7 transferring context: 1.60kB 0.0s done
#7 DONE 0.0s

#8 [builder 2/6] RUN apk add --no-cache musl-dev file
#8 CACHED

#9 [builder 3/6] WORKDIR /src
#9 CACHED

#10 [builder 4/6] COPY Cargo.toml Cargo.lock* ./
#10 CACHED

#11 [builder 5/6] COPY crates ./crates
#11 CACHED

#12 [builder 6/6] RUN rustup target add "x86_64-unknown-linux-musl"  && cargo build --release --bin dban --target "x86_64-unknown-linux-musl"  && strip "target/x86_64-unknown-linux-musl/release/dban"  && cp "target/x86_64-unknown-linux-musl/release/dban" /dban  && file /dban  && file /dban | grep -qi 'static'       || (echo "FATAL: dban is not statically linked" >&2; exit 1)
#12 0.229 info: component rust-std is up to date
#12 0.283     Updating crates.io index
#12 1.206  Downloading crates ...
#12 1.390   Downloaded allocator-api2 v0.2.21
#12 1.429   Downloaded base64ct v1.8.3
#12 1.445   Downloaded ident_case v1.0.1
#12 1.459   Downloaded quote v1.0.45
#12 1.462   Downloaded cfg-if v1.0.4
#12 1.464   Downloaded signal-hook-registry v1.4.8
#12 1.466   Downloaded compact_str v0.8.2
#12 1.469   Downloaded paste v1.0.15
#12 1.472   Downloaded cassowary v0.3.0
#12 1.478   Downloaded signature v2.2.0
#12 1.483   Downloaded ryu v1.0.23
#12 1.487   Downloaded spki v0.7.3
#12 1.489   Downloaded itoa v1.0.18
#12 1.497   Downloaded zeroize v1.9.0
#12 1.500   Downloaded unicode-truncate v1.1.0
#12 1.507   Downloaded errno v0.3.14
#12 1.511   Downloaded rand_core v0.6.4
#12 1.522   Downloaded castaway v0.2.4
#12 1.528   Downloaded either v1.16.0
#12 1.554   Downloaded curve25519-dalek-derive v0.1.1
#12 1.573   Downloaded heck v0.5.0
#12 1.582   Downloaded proc-macro2 v1.0.106
#12 1.586   Downloaded unicode-ident v1.0.24
#12 1.588   Downloaded strum v0.26.3
#12 1.589   Downloaded serde_derive v1.0.228
#12 1.594   Downloaded cpufeatures v0.2.17
#12 1.600   Downloaded crypto-common v0.1.7
#12 1.601   Downloaded rustc_version v0.4.1
#12 1.603   Downloaded subtle v2.6.1
#12 1.606   Downloaded signal-hook-mio v0.2.5
#12 1.608   Downloaded equivalent v1.0.2
#12 1.610   Downloaded block-buffer v0.10.4
#12 1.611   Downloaded serde_core v1.0.228
#12 1.615   Downloaded strum_macros v0.26.4
#12 1.618   Downloaded thiserror v1.0.69
#12 1.622   Downloaded static_assertions v1.1.0
#12 1.624   Downloaded scopeguard v1.2.0
#12 1.626   Downloaded indoc v2.0.7
#12 1.629   Downloaded version_check v0.9.5
#12 1.631   Downloaded lru v0.12.5
#12 1.633   Downloaded darling_macro v0.23.0
#12 1.634   Downloaded generic-array v0.14.7
#12 1.647   Downloaded instability v0.3.12
#12 1.661   Downloaded sha2 v0.10.9
#12 1.665   Downloaded darling v0.23.0
#12 1.673   Downloaded zmij v1.0.21
#12 1.675   Downloaded rustversion v1.0.22
#12 1.678   Downloaded pkcs8 v0.10.2
#12 1.682   Downloaded thiserror-impl v1.0.69
#12 1.685   Downloaded lock_api v0.4.14
#12 1.688   Downloaded foldhash v0.1.5
#12 1.689   Downloaded parking_lot_core v0.9.12
#12 1.691   Downloaded parking_lot v0.12.5
#12 1.701   Downloaded ed25519 v2.2.3
#12 1.705   Downloaded getrandom v0.2.17
#12 1.708   Downloaded strsim v0.11.1
#12 1.709   Downloaded semver v1.0.28
#12 1.712   Downloaded digest v0.10.7
#12 1.715   Downloaded const-oid v0.9.6
#12 1.720   Downloaded unicode-segmentation v1.13.3
#12 1.723   Downloaded signal-hook v0.3.18
#12 1.728   Downloaded smallvec v1.15.2
#12 1.731   Downloaded bitflags v2.13.0
#12 1.735   Downloaded darling_core v0.23.0
#12 1.741   Downloaded log v0.4.32
#12 1.748   Downloaded der v0.7.10
#12 1.753   Downloaded memchr v2.8.2
#12 1.758   Downloaded serde v1.0.228
#12 1.761   Downloaded mio v1.2.1
#12 1.771   Downloaded ed25519-dalek v2.2.0
#12 1.775   Downloaded typenum v1.20.1
#12 1.790   Downloaded hashbrown v0.15.5
#12 1.799   Downloaded serde_json v1.0.150
#12 1.806   Downloaded crossterm v0.28.1
#12 1.813   Downloaded itertools v0.13.0
#12 1.863   Downloaded unicode-width v0.2.0
#12 1.869   Downloaded unicode-width v0.1.14
#12 1.879   Downloaded syn v2.0.117
#12 1.892   Downloaded curve25519-dalek v4.1.3
#12 1.902   Downloaded rustix v0.38.44
#12 1.933   Downloaded ratatui v0.29.0
#12 1.982   Downloaded libc v0.2.186
#12 2.049   Downloaded linux-raw-sys v0.4.15
#12 2.144    Compiling proc-macro2 v1.0.106
#12 2.144    Compiling quote v1.0.45
#12 2.144    Compiling unicode-ident v1.0.24
#12 2.144    Compiling libc v0.2.186
#12 2.145    Compiling version_check v0.9.5
#12 2.146    Compiling cfg-if v1.0.4
#12 2.146    Compiling typenum v1.20.1
#12 2.146    Compiling rustversion v1.0.22
#12 2.148    Compiling semver v1.0.28
#12 2.149    Compiling parking_lot_core v0.9.12
#12 2.149    Compiling signal-hook v0.3.18
#12 2.151    Compiling ident_case v1.0.1
#12 2.152    Compiling strsim v0.11.1
#12 2.152    Compiling serde_core v1.0.228
#12 2.152    Compiling scopeguard v1.2.0
#12 2.152    Compiling cpufeatures v0.2.17
#12 2.186    Compiling rustix v0.38.44
#12 2.201    Compiling smallvec v1.15.2
#12 2.208    Compiling itoa v1.0.18
#12 2.221    Compiling zmij v1.0.21
#12 2.223    Compiling log v0.4.32
#12 2.338    Compiling lock_api v0.4.14
#12 2.370    Compiling bitflags v2.13.0
#12 2.408    Compiling equivalent v1.0.2
#12 2.420    Compiling linux-raw-sys v0.4.15
#12 2.445    Compiling instability v0.3.12
#12 2.450    Compiling rustc_version v0.4.1
#12 2.464    Compiling generic-array v0.14.7
#12 2.473    Compiling zeroize v1.9.0
#12 2.489    Compiling signature v2.2.0
#12 2.502    Compiling subtle v2.6.1
#12 2.549    Compiling thiserror v1.0.69
#12 2.587    Compiling allocator-api2 v0.2.21
#12 2.587    Compiling foldhash v0.1.5
#12 2.612    Compiling paste v1.0.15
#12 2.637    Compiling serde v1.0.228
#12 2.644    Compiling either v1.16.0
#12 2.646    Compiling heck v0.5.0
#12 2.672    Compiling serde_json v1.0.150
#12 2.744    Compiling ed25519 v2.2.3
#12 2.783    Compiling curve25519-dalek v4.1.3
#12 2.843    Compiling static_assertions v1.1.0
#12 2.871    Compiling ryu v1.0.23
#12 2.873    Compiling memchr v2.8.2
#12 2.883    Compiling indoc v2.0.7
#12 2.895    Compiling unicode-segmentation v1.13.3
#12 2.909    Compiling itertools v0.13.0
#12 2.912    Compiling unicode-width v0.1.14
#12 3.025    Compiling cassowary v0.3.0
#12 3.091    Compiling castaway v0.2.4
#12 3.107    Compiling hashbrown v0.15.5
#12 3.173    Compiling compact_str v0.8.2
#12 3.184    Compiling unicode-width v0.2.0
#12 3.366    Compiling syn v2.0.117
#12 3.696    Compiling errno v0.3.14
#12 3.696    Compiling mio v1.2.1
#12 3.696    Compiling getrandom v0.2.17
#12 3.765    Compiling signal-hook-registry v1.4.8
#12 3.879    Compiling parking_lot v0.12.5
#12 4.022    Compiling lru v0.12.5
#12 4.212    Compiling signal-hook-mio v0.2.5
#12 4.216    Compiling crypto-common v0.1.7
#12 4.216    Compiling block-buffer v0.10.4
#12 4.265    Compiling crossterm v0.28.1
#12 4.305    Compiling digest v0.10.7
#12 4.457    Compiling sha2 v0.10.9
#12 4.980    Compiling unicode-truncate v1.1.0
#12 6.441    Compiling darling_core v0.23.0
#12 7.523    Compiling curve25519-dalek-derive v0.1.1
#12 7.523    Compiling thiserror-impl v1.0.69
#12 7.523    Compiling strum_macros v0.26.4
#12 7.523    Compiling serde_derive v1.0.228
#12 8.794    Compiling ed25519-dalek v2.2.0
#12 8.962    Compiling darling_macro v0.23.0
#12 9.036    Compiling strum v0.26.3
#12 9.213    Compiling darling v0.23.0
#12 9.633    Compiling ratatui v0.29.0
#12 ...

#13 [iso 2/6] RUN set -u;     PKGS="linux-lts linux-firmware-none xorriso grub grub-efi mtools dosfstools cpio gzip bash";     if [ "x86_64" = "x86_64" ]; then PKGS="$PKGS grub-bios"; fi;     apk add --no-cache $PKGS || true;     command -v xorriso >/dev/null && command -v grub-mkstandalone >/dev/null       && command -v mkfs.vfat >/dev/null && test -f /boot/vmlinuz-lts       || (echo "FATAL: required ISO tooling missing" >&2; exit 1);     if [ "x86_64" = "x86_64" ]; then test -f /usr/lib/grub/i386-pc/cdboot.img       || (echo "FATAL: grub-bios missing" >&2; exit 1); fi
#13 0.238 fetch https://dl-cdn.alpinelinux.org/alpine/v3.20/main/x86_64/APKINDEX.tar.gz
#13 0.652 fetch https://dl-cdn.alpinelinux.org/alpine/v3.20/community/x86_64/APKINDEX.tar.gz
#13 1.034 (1/33) Installing ncurses-terminfo-base (6.4_p20240420-r2)
#13 1.052 (2/33) Installing libncursesw (6.4_p20240420-r2)
#13 1.073 (3/33) Installing readline (8.2.10-r0)
#13 1.099 (4/33) Installing bash (5.2.26-r0)
#13 1.155 Executing bash-5.2.26-r0.post-install
#13 1.157 (5/33) Installing cpio (2.15-r0)
#13 1.175 (6/33) Installing dosfstools (4.2-r2)
#13 1.193 (7/33) Installing xz-libs (5.8.3-r0)
#13 1.215 (8/33) Installing zstd-libs (1.5.6-r0)
#13 1.255 (9/33) Installing kmod (32-r0)
#13 1.270 (10/33) Installing lddtree (1.27-r0)
#13 1.280 (11/33) Installing mdev-conf (4.7-r0)
#13 1.291 (12/33) Installing libeconf (0.6.3-r0)
#13 1.303 (13/33) Installing libblkid (2.40.1-r1)
#13 1.327 (14/33) Installing device-mapper-libs (2.03.23-r3)
#13 1.350 (15/33) Installing json-c (0.17-r0)
#13 1.364 (16/33) Installing libuuid (2.40.1-r1)
#13 1.376 (17/33) Installing cryptsetup-libs (2.7.2-r0)
#13 1.403 (18/33) Installing kmod-libs (32-r0)
#13 1.419 (19/33) Installing mkinitfs (3.10.1-r0)
#13 1.433 Executing mkinitfs-3.10.1-r0.post-install
#13 1.434 (20/33) Installing grub (2.12-r5)
#13 1.790 (21/33) Installing grub-bios (2.12-r5)
#13 1.870 (22/33) Installing grub-efi (2.12-r5)
#13 1.971 (23/33) Installing less (643-r2)
#13 1.991 (24/33) Installing gzip (1.13-r0)
#13 2.010 (25/33) Installing linux-firmware-none (20240811-r0)
#13 2.022 (26/33) Installing linux-lts (6.6.142-r0)
#13 8.013 (27/33) Installing mtools (4.0.43-r1)
#13 8.032 (28/33) Installing libburn (1.5.6-r0)
#13 8.057 (29/33) Installing libedit (20240517.3.1-r0)
#13 8.072 (30/33) Installing libacl (2.3.2-r0)
#13 8.086 (31/33) Installing libisofs (1.5.6-r0)
#13 8.108 (32/33) Installing libisoburn (1.5.6-r0)
#13 8.138 (33/33) Installing xorriso (1.5.6-r0)
#13 8.153 Executing busybox-1.36.1-r31.trigger
#13 8.157 Executing kmod-32-r0.trigger
#13 9.698 Executing mkinitfs-3.10.1-r0.trigger
#13 9.702 ==> initramfs: creating /boot/initramfs-lts for 6.6.142-0-lts
#13 ...

#12 [builder 6/6] RUN rustup target add "x86_64-unknown-linux-musl"  && cargo build --release --bin dban --target "x86_64-unknown-linux-musl"  && strip "target/x86_64-unknown-linux-musl/release/dban"  && cp "target/x86_64-unknown-linux-musl/release/dban" /dban  && file /dban  && file /dban | grep -qi 'static'       || (echo "FATAL: dban is not statically linked" >&2; exit 1)
#12 10.32    Compiling dban-core v0.1.0 (/src/crates/dban-core)
#12 10.45 error[E0308]: mismatched types
#12 10.45     --> crates/dban-core/src/firmware.rs:624:57
#12 10.45      |
#12 10.45  624 |         let rc = unsafe { libc::ioctl(file.as_raw_fd(), SG_IO, &mut hdr) };
#12 10.45      |                           -----------                   ^^^^^ expected `i32`, found `u64`
#12 10.45      |                           |
#12 10.45      |                           arguments to this function are incorrect
#12 10.45      |
#12 10.45 note: function defined here
#12 10.45     --> /usr/local/cargo/registry/src/index.crates.io-1949cf8c6b5b557f/libc-0.2.186/src/unix/linux_like/mod.rs:1731:20
#12 10.45      |
#12 10.45 1731 |             pub fn ioctl(fd: c_int, request: Ioctl, ...) -> c_int;
#12 10.45      |                    ^^^^^
#12 10.45 help: you can convert a `u64` to an `i32` and panic if the converted value doesn't fit
#12 10.45      |
#12 10.45  624 |         let rc = unsafe { libc::ioctl(file.as_raw_fd(), SG_IO.try_into().unwrap(), &mut hdr) };
#12 10.45      |                                                              ++++++++++++++++++++
#12 10.45 
#12 10.45 error[E0308]: mismatched types
#12 10.45     --> crates/dban-core/src/firmware.rs:722:57
#12 10.45      |
#12 10.45  722 |         let rc = unsafe { libc::ioctl(file.as_raw_fd(), SG_IO, &mut hdr) };
#12 10.45      |                           -----------                   ^^^^^ expected `i32`, found `u64`
#12 10.45      |                           |
#12 10.45      |                           arguments to this function are incorrect
#12 10.45      |
#12 10.45 note: function defined here
#12 10.45     --> /usr/local/cargo/registry/src/index.crates.io-1949cf8c6b5b557f/libc-0.2.186/src/unix/linux_like/mod.rs:1731:20
#12 10.45      |
#12 10.45 1731 |             pub fn ioctl(fd: c_int, request: Ioctl, ...) -> c_int;
#12 10.45      |                    ^^^^^
#12 10.45 help: you can convert a `u64` to an `i32` and panic if the converted value doesn't fit
#12 10.45      |
#12 10.45  722 |         let rc = unsafe { libc::ioctl(file.as_raw_fd(), SG_IO.try_into().unwrap(), &mut hdr) };
#12 10.45      |                                                              ++++++++++++++++++++
#12 10.45 
#12 10.46 error[E0308]: mismatched types
#12 10.46     --> crates/dban-core/src/firmware.rs:837:57
#12 10.46      |
#12 10.46  837 |         let rc = unsafe { libc::ioctl(file.as_raw_fd(), NVME_IOCTL_ADMIN_CMD, cmd) };
#12 10.46      |                           -----------                   ^^^^^^^^^^^^^^^^^^^^ expected `i32`, found `u64`
#12 10.46      |                           |
#12 10.46      |                           arguments to this function are incorrect
#12 10.46      |
#12 10.46 note: function defined here
#12 10.46     --> /usr/local/cargo/registry/src/index.crates.io-1949cf8c6b5b557f/libc-0.2.186/src/unix/linux_like/mod.rs:1731:20
#12 10.46      |
#12 10.46 1731 |             pub fn ioctl(fd: c_int, request: Ioctl, ...) -> c_int;
#12 10.46      |                    ^^^^^
#12 10.46 help: you can convert a `u64` to an `i32` and panic if the converted value doesn't fit
#12 10.46      |
#12 10.46  837 |         let rc = unsafe { libc::ioctl(file.as_raw_fd(), NVME_IOCTL_ADMIN_CMD.try_into().unwrap(), cmd) };
#12 10.46      |                                                                             ++++++++++++++++++++
#12 10.46 
#12 10.46 error[E0308]: mismatched types
#12 10.46     --> crates/dban-core/src/firmware.rs:1038:57
#12 10.46      |
#12 10.46 1038 |         let rc = unsafe { libc::ioctl(file.as_raw_fd(), SG_IO, &mut hdr) };
#12 10.46      |                           -----------                   ^^^^^ expected `i32`, found `u64`
#12 10.46      |                           |
#12 10.46      |                           arguments to this function are incorrect
#12 10.46      |
#12 10.46 note: function defined here
#12 10.46     --> /usr/local/cargo/registry/src/index.crates.io-1949cf8c6b5b557f/libc-0.2.186/src/unix/linux_like/mod.rs:1731:20
#12 10.46      |
#12 10.46 1731 |             pub fn ioctl(fd: c_int, request: Ioctl, ...) -> c_int;
#12 10.46      |                    ^^^^^
#12 10.46 help: you can convert a `u64` to an `i32` and panic if the converted value doesn't fit
#12 10.46      |
#12 10.46 1038 |         let rc = unsafe { libc::ioctl(file.as_raw_fd(), SG_IO.try_into().unwrap(), &mut hdr) };
#12 10.46      |                                                              ++++++++++++++++++++
#12 10.46 
#12 10.61 For more information about this error, try `rustc --explain E0308`.
#12 10.61 error: could not compile `dban-core` (lib) due to 4 previous errors
#12 10.61 warning: build failed, waiting for other jobs to finish...
#12 ...

#13 [iso 2/6] RUN set -u;     PKGS="linux-lts linux-firmware-none xorriso grub grub-efi mtools dosfstools cpio gzip bash";     if [ "x86_64" = "x86_64" ]; then PKGS="$PKGS grub-bios"; fi;     apk add --no-cache $PKGS || true;     command -v xorriso >/dev/null && command -v grub-mkstandalone >/dev/null       && command -v mkfs.vfat >/dev/null && test -f /boot/vmlinuz-lts       || (echo "FATAL: required ISO tooling missing" >&2; exit 1);     if [ "x86_64" = "x86_64" ]; then test -f /usr/lib/grub/i386-pc/cdboot.img       || (echo "FATAL: grub-bios missing" >&2; exit 1); fi
#13 11.91 Executing grub-2.12-r5.trigger
#13 11.92 /usr/sbin/grub-probe: error: failed to get canonical path of `overlay'.
#13 11.92 ERROR: grub-2.12-r5.trigger: script exited with error 1
#13 11.92 OK: 153 MiB in 47 packages
#13 DONE 12.0s

#12 [builder 6/6] RUN rustup target add "x86_64-unknown-linux-musl"  && cargo build --release --bin dban --target "x86_64-unknown-linux-musl"  && strip "target/x86_64-unknown-linux-musl/release/dban"  && cp "target/x86_64-unknown-linux-musl/release/dban" /dban  && file /dban  && file /dban | grep -qi 'static'       || (echo "FATAL: dban is not statically linked" >&2; exit 1)
#12 13.92 FATAL: dban is not statically linked
#12 ERROR: process "/bin/sh -c rustup target add \"$RUST_TARGET\"  && cargo build --release --bin dban --target \"$RUST_TARGET\"  && strip \"target/$RUST_TARGET/release/dban\"  && cp \"target/$RUST_TARGET/release/dban\" /dban  && file /dban  && file /dban | grep -qi 'static'       || (echo \"FATAL: dban is not statically linked\" >&2; exit 1)" did not complete successfully: exit code: 1
------
 > [builder 6/6] RUN rustup target add "x86_64-unknown-linux-musl"  && cargo build --release --bin dban --target "x86_64-unknown-linux-musl"  && strip "target/x86_64-unknown-linux-musl/release/dban"  && cp "target/x86_64-unknown-linux-musl/release/dban" /dban  && file /dban  && file /dban | grep -qi 'static'       || (echo "FATAL: dban is not statically linked" >&2; exit 1):
10.46      |                    ^^^^^
10.46 help: you can convert a `u64` to an `i32` and panic if the converted value doesn't fit
10.46      |
10.46 1038 |         let rc = unsafe { libc::ioctl(file.as_raw_fd(), SG_IO.try_into().unwrap(), &mut hdr) };
10.46      |                                                              ++++++++++++++++++++
10.46 
10.61 For more information about this error, try `rustc --explain E0308`.
10.61 error: could not compile `dban-core` (lib) due to 4 previous errors
10.61 warning: build failed, waiting for other jobs to finish...
13.92 FATAL: dban is not statically linked
------
Dockerfile:30
--------------------
  29 |     # dynamic build would say "dynamically linked", which we reject.
  30 | >>> RUN rustup target add "$RUST_TARGET" \
  31 | >>>  && cargo build --release --bin dban --target "$RUST_TARGET" \
  32 | >>>  && strip "target/$RUST_TARGET/release/dban" \
  33 | >>>  && cp "target/$RUST_TARGET/release/dban" /dban \
  34 | >>>  && file /dban \
  35 | >>>  && file /dban | grep -qi 'static' \
  36 | >>>       || (echo "FATAL: dban is not statically linked" >&2; exit 1)
  37 |     
--------------------
ERROR: failed to build: failed to solve: process "/bin/sh -c rustup target add \"$RUST_TARGET\"  && cargo build --release --bin dban --target \"$RUST_TARGET\"  && strip \"target/$RUST_TARGET/release/dban\"  && cp \"target/$RUST_TARGET/release/dban\" /dban  && file /dban  && file /dban | grep -qi 'static'       || (echo \"FATAL: dban is not statically linked\" >&2; exit 1)" did not complete successfully: exit code: 1

View build details: docker-desktop://dashboard/build/desktop-linux/desktop-linux/uzdv00nnjvejlva232658ewjj
Exception: D:\DBAN\iso\build.ps1:62
Line |
  62 |      if ($LASTEXITCODE -ne 0) { throw "docker build failed" }
     |                                 ~~~~~~~~~~~~~~~~~~~~~~~~~~~
     | docker build failed
